Building DAG of jobs...
Using shell: /bin/bash
Provided cores: 2
Rules claiming more threads will be scaled down.
Job stats:
job                  count    min threads    max threads
-----------------  -------  -------------  -------------
get_all_archive          1              1              1
get_all_filenames        1              1              1
get_inventory            1              1              1
get_station_data         1              1              1
targets                  1              1              1
total                    5              1              1

Select jobs to execute...

[Sat Oct 22 00:31:30 2022]
rule get_inventory:
    input: code/get_ghcnd_data.bash
    output: data/ghcnd-inventory.txt
    jobid: 3
    reason: Updated input files: code/get_ghcnd_data.bash
    resources: tmpdir=/var/folders/fh/lg9kdb7d7jv26lrh1lw24b000000gn/T


[Sat Oct 22 00:31:30 2022]
[Sat Oct 22 00:31:30 2022]
rule get_station_data:
    input: code/get_ghcnd_data.bash
    output: data/ghcnd-stations.txt
    jobid: 4
    reason: Updated input files: code/get_ghcnd_data.bash
    resources: tmpdir=/var/folders/fh/lg9kdb7d7jv26lrh1lw24b000000gn/T
Error in rule get_inventory:
    jobid: 3
    output: data/ghcnd-inventory.txt
    shell:
        
        code/get_ghcnd_data.bash ghcnd-inventory.txt
        
        (one of the commands exited with non-zero exit code; note that snakemake uses bash strict mode!)


[Sat Oct 22 00:31:30 2022]
Error in rule get_station_data:
    jobid: 4
    output: data/ghcnd-stations.txt
    shell:
        
        code/get_ghcnd_data.bash ghcnd-stations.txt
        
        (one of the commands exited with non-zero exit code; note that snakemake uses bash strict mode!)

Shutting down, this might take some time.
Exiting because a job execution failed. Look above for error message
Complete log: .snakemake/log/2022-10-22T003129.593876.snakemake.log
