Building DAG of jobs...
Using shell: /bin/bash
Provided cores: 1 (use --cores to define parallelism)
Rules claiming more threads will be scaled down.
Job stats:
job                  count    min threads    max threads
-----------------  -------  -------------  -------------
get_all_archive          1              1              1
get_all_filenames        1              1              1
get_inventory            1              1              1
get_station_data         1              1              1
targets                  1              1              1
total                    5              1              1

Select jobs to execute...

[Sat Oct 22 00:32:57 2022]
rule get_all_archive:
    input: code/get_ghcnd_data.bash
    output: data/ghcnd_all.tar.gz
    jobid: 1
    reason: Missing output files: data/ghcnd_all.tar.gz
    resources: tmpdir=/var/folders/fh/lg9kdb7d7jv26lrh1lw24b000000gn/T

[Sat Oct 22 00:32:57 2022]
Error in rule get_all_archive:
    jobid: 1
    output: data/ghcnd_all.tar.gz
    shell:
        
        code/get_ghcnd_data.bash ghcnd_all.tar.gz
        
        (one of the commands exited with non-zero exit code; note that snakemake uses bash strict mode!)

Shutting down, this might take some time.
Exiting because a job execution failed. Look above for error message
Complete log: .snakemake/log/2022-10-22T003256.507832.snakemake.log
